<?xml version="1.0" encoding="UTF-8"?>
<testsuite name="MsgTest" tests="1" skipped="0" failures="0" errors="0" timestamp="2020-06-03T06:45:53" hostname="user1" time="0.009">
  <properties/>
  <testcase name="testDecodeMtom2Zip" classname="MsgTest" time="0.009"/>
  <system-out><![CDATA[]]></system-out>
  <system-err><![CDATA[]]></system-err>
</testsuite>
